<?xml version="1.0" encoding="UTF-8"?>
<testsuite xmlns:xsi="http://www.w3.org/2001/XMLSchema-instance" xsi:noNamespaceSchemaLocation="https://maven.apache.org/surefire/maven-surefire-plugin/xsd/surefire-test-report-3.0.xsd" version="3.0" name="TestSuite" time="234.852" tests="9" errors="0" skipped="0" failures="2">
  <properties>
[...]
</properties>
  <testcase name="runScenario[&quot;User should able to select radio buttons in CATEGORY&quot;, &quot;Optional[Features of Contractor page should work properly]&quot;](1)" classname="runner.RunnerClass" time="36.749">
    <system-out><![CDATA[
@contractor @contractor
Scenario Outline: User should able to select radio buttons in CATEGORY &amp#27;[90m# src/test/java/featurefile/contractors_list_page.feature:17&amp#27;[0m
  &amp#27;[32mGiven &amp#27;[0m&amp#27;[32mUser navigates to contractors list page&amp#27;[0m                        &amp#27;[90m# stepdefinitions.ContractorsListPage.user_navigates_to_contractors_list_page()&amp#27;[0m
  &amp#27;[32mWhen &amp#27;[0m&amp#27;[32mUser search with ZipCode &amp#27;[0m&amp#27;[32m&amp#27;[1m"500075"&amp#27;[0m                               &amp#27;[90m# stepdefinitions.ContractorsListPage.user_search_with_zip_code(java.lang.String)&amp#27;[0m
  &amp#27;[32mThen &amp#27;[0m&amp#27;[32mUser should click on search button&amp#27;[0m                              &amp#27;[90m# stepdefinitions.ContractorsListPage.user_should_click_on_search_button()&amp#27;[0m
  &amp#27;[32mAnd &amp#27;[0m&amp#27;[32mUser can able to select one of radio buttons in CATEGORY&amp#27;[0m         &amp#27;[90m# stepdefinitions.ContractorsListPage.user_can_able_to_select_one_of_radio_buttons_in_category()&amp#27;[0m
  &amp#27;[32mThen &amp#27;[0m&amp#27;[32mUser wants to see appropriate contractors list&amp#27;[0m                  &amp#27;[90m# stepdefinitions.ContractorsListPage.user_wants_to_see_appropriate_contractors_list()&amp#27;[0m
]]></system-out>
    <system-err><![CDATA[SLF4J: Failed to load class "org.slf4j.impl.StaticLoggerBinder".
SLF4J: Defaulting to no-operation (NOP) logger implementation
SLF4J: See http://www.slf4j.org/codes.html#StaticLoggerBinder for further details.
Starting ChromeDriver 99.0.4844.51 (d537ec02474b5afe23684e7963d538896c63ac77-refs/branch-heads/4844@{#875}) on port 57478
Only local connections are allowed.
Please see https://chromedriver.chromium.org/security-considerations for suggestions on keeping ChromeDriver safe.
ChromeDriver was started successfully.
Mar 14, 2022 11:20:10 AM org.openqa.selenium.remote.ProtocolHandshake createSession
INFO: Detected dialect: W3C
Mar 14, 2022 11:20:10 AM org.openqa.selenium.devtools.CdpVersionFinder findNearestMatch
WARNING: Unable to find an exact match for CDP version 99, so returning the closest version found: 96
Mar 14, 2022 11:20:10 AM org.openqa.selenium.devtools.CdpVersionFinder findNearestMatch
INFO: Found CDP implementation for version 99 of 96
]]></system-err>
  </testcase>
  <testcase name="runScenario[&quot;User should able to select radio buttons in RATING AND REVIEW&quot;, &quot;Optional[Features of Contractor page should work properly]&quot;](2)" classname="runner.RunnerClass" time="23.423">
    <system-out><![CDATA[
@contractor @contractor
Scenario Outline: User should able to select radio buttons in RATING AND REVIEW &amp#27;[90m# src/test/java/featurefile/contractors_list_page.feature:28&amp#27;[0m
  &amp#27;[32mGiven &amp#27;[0m&amp#27;[32mUser navigates to contractors list page&amp#27;[0m                                 &amp#27;[90m# stepdefinitions.ContractorsListPage.user_navigates_to_contractors_list_page()&amp#27;[0m
  &amp#27;[32mWhen &amp#27;[0m&amp#27;[32mUser search with ZipCode &amp#27;[0m&amp#27;[32m&amp#27;[1m"500075"&amp#27;[0m                                        &amp#27;[90m# stepdefinitions.ContractorsListPage.user_search_with_zip_code(java.lang.String)&amp#27;[0m
  &amp#27;[32mThen &amp#27;[0m&amp#27;[32mUser should click on search button&amp#27;[0m                                       &amp#27;[90m# stepdefinitions.ContractorsListPage.user_should_click_on_search_button()&amp#27;[0m
  &amp#27;[32mAnd &amp#27;[0m&amp#27;[32mUser can able to select contractor by Rating and Review&amp#27;[0m                   &amp#27;[90m# stepdefinitions.ContractorsListPage.user_can_able_to_select_contractor_by_rating_and_review()&amp#27;[0m
  &amp#27;[32mThen &amp#27;[0m&amp#27;[32mUser wants to see appropriate contractors list&amp#27;[0m                           &amp#27;[90m# stepdefinitions.ContractorsListPage.user_wants_to_see_appropriate_contractors_list()&amp#27;[0m
]]></system-out>
    <system-err><![CDATA[Starting ChromeDriver 99.0.4844.51 (d537ec02474b5afe23684e7963d538896c63ac77-refs/branch-heads/4844@{#875}) on port 58701
Only local connections are allowed.
Please see https://chromedriver.chromium.org/security-considerations for suggestions on keeping ChromeDriver safe.
ChromeDriver was started successfully.
Mar 14, 2022 11:20:45 AM org.openqa.selenium.remote.ProtocolHandshake createSession
INFO: Detected dialect: W3C
Mar 14, 2022 11:20:45 AM org.openqa.selenium.devtools.CdpVersionFinder findNearestMatch
WARNING: Unable to find an exact match for CDP version 99, so returning the closest version found: 96
Mar 14, 2022 11:20:45 AM org.openqa.selenium.devtools.CdpVersionFinder findNearestMatch
INFO: Found CDP implementation for version 99 of 96
]]></system-err>
  </testcase>
  <testcase name="runScenario[&quot;User should able to click on call back button&quot;, &quot;Optional[Features of Contractor page should work properly]&quot;](3)" classname="runner.RunnerClass" time="26.512">
    <system-out><![CDATA[
@contractor @contractor
Scenario Outline: User should able to click on call back button              &amp#27;[90m# src/test/java/featurefile/contractors_list_page.feature:41&amp#27;[0m
  &amp#27;[32mGiven &amp#27;[0m&amp#27;[32mUser navigates to contractors list page&amp#27;[0m                              &amp#27;[90m# stepdefinitions.ContractorsListPage.user_navigates_to_contractors_list_page()&amp#27;[0m
  &amp#27;[32mWhen &amp#27;[0m&amp#27;[32mUser search with ZipCode &amp#27;[0m&amp#27;[32m&amp#27;[1m"500075"&amp#27;[0m                                     &amp#27;[90m# stepdefinitions.ContractorsListPage.user_search_with_zip_code(java.lang.String)&amp#27;[0m
  &amp#27;[32mThen &amp#27;[0m&amp#27;[32mUser should click on search button&amp#27;[0m                                    &amp#27;[90m# stepdefinitions.ContractorsListPage.user_should_click_on_search_button()&amp#27;[0m
  &amp#27;[32mThen &amp#27;[0m&amp#27;[32mUser shoule able to see Call back button option&amp#27;[0m                       &amp#27;[90m# stepdefinitions.ContractorsListPage.user_shoule_able_to_see_call_back_button_option()&amp#27;[0m
  &amp#27;[32mAnd &amp#27;[0m&amp#27;[32mUser should click on CALL ME BACK BUTTON without entering phone number&amp#27;[0m &amp#27;[90m# stepdefinitions.ContractorsListPage.user_should_click_on_call_me_back_button_without_entering_phone_number()&amp#27;[0m
  &amp#27;[32mThen &amp#27;[0m&amp#27;[32mUser should get message required field&amp#27;[0m                                &amp#27;[90m# stepdefinitions.ContractorsListPage.user_should_get_message_required_field()&amp#27;[0m
]]></system-out>
    <system-err><![CDATA[Starting ChromeDriver 99.0.4844.51 (d537ec02474b5afe23684e7963d538896c63ac77-refs/branch-heads/4844@{#875}) on port 52376
Only local connections are allowed.
Please see https://chromedriver.chromium.org/security-considerations for suggestions on keeping ChromeDriver safe.
ChromeDriver was started successfully.
Mar 14, 2022 11:21:08 AM org.openqa.selenium.remote.ProtocolHandshake createSession
INFO: Detected dialect: W3C
Mar 14, 2022 11:21:08 AM org.openqa.selenium.devtools.CdpVersionFinder findNearestMatch
WARNING: Unable to find an exact match for CDP version 99, so returning the closest version found: 96
Mar 14, 2022 11:21:08 AM org.openqa.selenium.devtools.CdpVersionFinder findNearestMatch
INFO: Found CDP implementation for version 99 of 96
]]></system-err>
  </testcase>
  <testcase name="runScenario[&quot;User can enter valid mobile number to take call backs successfully&quot;, &quot;Optional[Features of Contractor page should work properly]&quot;](4)" classname="runner.RunnerClass" time="33.042">
    <failure message="Expected condition failed: waiting for visibility of element located by By.xpath: //div/div[@class=&apos;cl-form-mobile-input disabled&apos;] (tried for 10 second(s) with 500 milliseconds interval)&#10;Build info: version: &apos;4.1.1&apos;, revision: &apos;e8fcc2cecf&apos;&#10;System info: host: &apos;LAPTOP-OFMRSGL7&apos;, ip: &apos;192.168.43.58&apos;, os.name: &apos;Windows 10&apos;, os.arch: &apos;amd64&apos;, os.version: &apos;10.0&apos;, java.version: &apos;11.0.13&apos;&#10;Driver info: org.openqa.selenium.chrome.ChromeDriver&#10;Capabilities {acceptInsecureCerts: false, browserName: chrome, browserVersion: 99.0.4844.51, chrome: {chromedriverVersion: 99.0.4844.51 (d537ec02474b5..., userDataDir: C:\Users\saleem\AppData\Loc...}, goog:chromeOptions: {debuggerAddress: localhost:62863}, javascriptEnabled: true, networkConnectionEnabled: false, pageLoadStrategy: normal, platform: WINDOWS, platformName: WINDOWS, proxy: Proxy(), se:cdp: ws://localhost:62863/devtoo..., se:cdpVersion: 99.0.4844.51, setWindowRect: true, strictFileInteractability: false, timeouts: {implicit: 0, pageLoad: 300000, script: 30000}, unhandledPromptBehavior: dismiss and notify, webauthn:extension:credBlob: true, webauthn:extension:largeBlob: true, webauthn:virtualAuthenticators: true}&#10;Session ID: c8c778282028a830b026e8363fed257f" type="org.openqa.selenium.TimeoutException"><![CDATA[org.openqa.selenium.TimeoutException: 
Expected condition failed: waiting for visibility of element located by By.xpath: //div/div[@class='cl-form-mobile-input disabled'] (tried for 10 second(s) with 500 milliseconds interval)
Build info: version: '4.1.1', revision: 'e8fcc2cecf'
System info: host: 'LAPTOP-OFMRSGL7', ip: '192.168.43.58', os.name: 'Windows 10', os.arch: 'amd64', os.version: '10.0', java.version: '11.0.13'
Driver info: org.openqa.selenium.chrome.ChromeDriver
Capabilities {acceptInsecureCerts: false, browserName: chrome, browserVersion: 99.0.4844.51, chrome: {chromedriverVersion: 99.0.4844.51 (d537ec02474b5..., userDataDir: C:\Users\saleem\AppData\Loc...}, goog:chromeOptions: {debuggerAddress: localhost:62863}, javascriptEnabled: true, networkConnectionEnabled: false, pageLoadStrategy: normal, platform: WINDOWS, platformName: WINDOWS, proxy: Proxy(), se:cdp: ws://localhost:62863/devtoo..., se:cdpVersion: 99.0.4844.51, setWindowRect: true, strictFileInteractability: false, timeouts: {implicit: 0, pageLoad: 300000, script: 30000}, unhandledPromptBehavior: dismiss and notify, webauthn:extension:credBlob: true, webauthn:extension:largeBlob: true, webauthn:virtualAuthenticators: true}
Session ID: c8c778282028a830b026e8363fed257f
]]></failure>
    <system-out><![CDATA[
@contractor @contractor
Scenario Outline: User can enter valid mobile number to take call backs successfully &amp#27;[90m# src/test/java/featurefile/contractors_list_page.feature:54&amp#27;[0m
  &amp#27;[32mGiven &amp#27;[0m&amp#27;[32mUser navigates to contractors list page&amp#27;[0m                                      &amp#27;[90m# stepdefinitions.ContractorsListPage.user_navigates_to_contractors_list_page()&amp#27;[0m
  &amp#27;[32mWhen &amp#27;[0m&amp#27;[32mUser search with ZipCode &amp#27;[0m&amp#27;[32m&amp#27;[1m"500075"&amp#27;[0m                                             &amp#27;[90m# stepdefinitions.ContractorsListPage.user_search_with_zip_code(java.lang.String)&amp#27;[0m
  &amp#27;[32mThen &amp#27;[0m&amp#27;[32mUser should click on search button&amp#27;[0m                                            &amp#27;[90m# stepdefinitions.ContractorsListPage.user_should_click_on_search_button()&amp#27;[0m
  &amp#27;[32mThen &amp#27;[0m&amp#27;[32mUser should click on edit button&amp#27;[0m                                              &amp#27;[90m# stepdefinitions.ContractorsListPage.user_should_click_on_edit_button()&amp#27;[0m
  &amp#27;[31mAnd &amp#27;[0m&amp#27;[31mUser should able to enter valid mobile number &amp#27;[0m&amp#27;[31m&amp#27;[1m"6302680674"&amp#27;[0m                     &amp#27;[90m# stepdefinitions.ContractorsListPage.user_should_able_to_enter_valid_mobile_number(java.lang.String)&amp#27;[0m
      &amp#27;[31morg.openqa.selenium.TimeoutException: Expected condition failed: waiting for visibility of element located by By.xpath: //div/div[@class='cl-form-mobile-input disabled'] (tried for 10 second(s) with 500 milliseconds interval)
Build info: version: '4.1.1', revision: 'e8fcc2cecf'
System info: host: 'LAPTOP-OFMRSGL7', ip: '192.168.43.58', os.name: 'Windows 10', os.arch: 'amd64', os.version: '10.0', java.version: '11.0.13'
Driver info: org.openqa.selenium.chrome.ChromeDriver
Capabilities {acceptInsecureCerts: false, browserName: chrome, browserVersion: 99.0.4844.51, chrome: {chromedriverVersion: 99.0.4844.51 (d537ec02474b5..., userDataDir: C:\Users\saleem\AppData\Loc...}, goog:chromeOptions: {debuggerAddress: localhost:62863}, javascriptEnabled: true, networkConnectionEnabled: false, pageLoadStrategy: normal, platform: WINDOWS, platformName: WINDOWS, proxy: Proxy(), se:cdp: ws://localhost:62863/devtoo..., se:cdpVersion: 99.0.4844.51, setWindowRect: true, strictFileInteractability: false, timeouts: {implicit: 0, pageLoad: 300000, script: 30000}, unhandledPromptBehavior: dismiss and notify, webauthn:extension:credBlob: true, webauthn:extension:largeBlob: true, webauthn:virtualAuthenticators: true}
Session ID: c8c778282028a830b026e8363fed257f
	at org.openqa.selenium.support.ui.WebDriverWait.timeoutException(WebDriverWait.java:138)
	at org.openqa.selenium.support.ui.FluentWait.until(FluentWait.java:231)
	at stepdefinitions.ContractorsListPage.user_should_able_to_enter_valid_mobile_number(ContractorsListPage.java:156)
	at âœ½.User should able to enter valid mobile number "6302680674"(file:///C:/Users/saleem/eclipse-workspace/FindaContractor/src/test/java/featurefile/contractors_list_page.feature:47)
&amp#27;[0m
  &amp#27;[36mAnd &amp#27;[0m&amp#27;[36mUser should click on CALL ME BACK button&amp#27;[0m                                       &amp#27;[90m# stepdefinitions.ContractorsListPage.user_should_click_on_call_me_back_button()&amp#27;[0m
  &amp#27;[36mThen &amp#27;[0m&amp#27;[36mUser can see successfull submision&amp#27;[0m                                            &amp#27;[90m# stepdefinitions.ContractorsListPage.user_can_see_successfull_submision()&amp#27;[0m

    Embedding User_can_enter_valid_mobile_number_to_take_call_backs_successfully [image/png 213328 bytes]

]]></system-out>
    <system-err><![CDATA[Starting ChromeDriver 99.0.4844.51 (d537ec02474b5afe23684e7963d538896c63ac77-refs/branch-heads/4844@{#875}) on port 49490
Only local connections are allowed.
Please see https://chromedriver.chromium.org/security-considerations for suggestions on keeping ChromeDriver safe.
ChromeDriver was started successfully.
Mar 14, 2022 11:21:35 AM org.openqa.selenium.remote.ProtocolHandshake createSession
INFO: Detected dialect: W3C
Mar 14, 2022 11:21:35 AM org.openqa.selenium.devtools.CdpVersionFinder findNearestMatch
WARNING: Unable to find an exact match for CDP version 99, so returning the closest version found: 96
Mar 14, 2022 11:21:35 AM org.openqa.selenium.devtools.CdpVersionFinder findNearestMatch
INFO: Found CDP implementation for version 99 of 96
]]></system-err>
  </testcase>
  <testcase name="runScenario[&quot;User can enter invalid mobile number but he/she should not take call backs&quot;, &quot;Optional[Features of Contractor page should work properly]&quot;](5)" classname="runner.RunnerClass" time="31.888">
    <system-out><![CDATA[
@contractor @contractor
Scenario Outline: User can enter invalid mobile number but he/she should not take call backs &amp#27;[90m# src/test/java/featurefile/contractors_list_page.feature:67&amp#27;[0m
  &amp#27;[32mGiven &amp#27;[0m&amp#27;[32mUser navigates to contractors list page&amp#27;[0m                                              &amp#27;[90m# stepdefinitions.ContractorsListPage.user_navigates_to_contractors_list_page()&amp#27;[0m
  &amp#27;[32mWhen &amp#27;[0m&amp#27;[32mUser search with ZipCode &amp#27;[0m&amp#27;[32m&amp#27;[1m"500075"&amp#27;[0m                                                     &amp#27;[90m# stepdefinitions.ContractorsListPage.user_search_with_zip_code(java.lang.String)&amp#27;[0m
  &amp#27;[32mThen &amp#27;[0m&amp#27;[32mUser should click on search button&amp#27;[0m                                                    &amp#27;[90m# stepdefinitions.ContractorsListPage.user_should_click_on_search_button()&amp#27;[0m
  &amp#27;[32mThen &amp#27;[0m&amp#27;[32mUser should click on edit button&amp#27;[0m                                                      &amp#27;[90m# stepdefinitions.ContractorsListPage.user_should_click_on_edit_button()&amp#27;[0m
  &amp#27;[32mAnd &amp#27;[0m&amp#27;[32mUser should able to enter invalid mobile number &amp#27;[0m&amp#27;[32m&amp#27;[1m"630268067"&amp#27;[0m                            &amp#27;[90m# stepdefinitions.ContractorsListPage.user_should_able_to_enter_invalid_mobile_number(java.lang.String)&amp#27;[0m
  &amp#27;[32mAnd &amp#27;[0m&amp#27;[32mUser can click on CALL ME BACK button&amp#27;[0m                                                  &amp#27;[90m# stepdefinitions.ContractorsListPage.user_can_click_on_call_me_back_button()&amp#27;[0m
  &amp#27;[32mThen &amp#27;[0m&amp#27;[32mUser should see invalid mobile number&amp#27;[0m                                                 &amp#27;[90m# stepdefinitions.ContractorsListPage.user_should_see_invalid_mobile_number()&amp#27;[0m
]]></system-out>
    <system-err><![CDATA[Starting ChromeDriver 99.0.4844.51 (d537ec02474b5afe23684e7963d538896c63ac77-refs/branch-heads/4844@{#875}) on port 57529
Only local connections are allowed.
Please see https://chromedriver.chromium.org/security-considerations for suggestions on keeping ChromeDriver safe.
ChromeDriver was started successfully.
Mar 14, 2022 11:22:08 AM org.openqa.selenium.remote.ProtocolHandshake createSession
INFO: Detected dialect: W3C
Mar 14, 2022 11:22:08 AM org.openqa.selenium.devtools.CdpVersionFinder findNearestMatch
WARNING: Unable to find an exact match for CDP version 99, so returning the closest version found: 96
Mar 14, 2022 11:22:08 AM org.openqa.selenium.devtools.CdpVersionFinder findNearestMatch
INFO: Found CDP implementation for version 99 of 96
]]></system-err>
  </testcase>
  <testcase name="runScenario[&quot;User should be able to search contractos list with valid zipcod&quot;, &quot;Optional[Search Box functionality]&quot;](6)" classname="runner.RunnerClass" time="18.699">
    <system-out><![CDATA[
@search @search
Scenario Outline: User should be able to search contractos list with valid zipcod &amp#27;[90m# src/test/java/featurefile/search_box.feature:15&amp#27;[0m
  &amp#27;[32mGiven &amp#27;[0m&amp#27;[32mUser navigate to contractor page&amp#27;[0m                                          &amp#27;[90m# stepdefinitions.Search_box.user_navigate_to_contractor_page()&amp#27;[0m
  &amp#27;[32mWhen &amp#27;[0m&amp#27;[32mUser enters valid zipcode &amp#27;[0m&amp#27;[32m&amp#27;[1m"500075"&amp#27;[0m                                         &amp#27;[90m# stepdefinitions.Search_box.user_enters_valid_zipcode(java.lang.String)&amp#27;[0m
  &amp#27;[32mThen &amp#27;[0m&amp#27;[32mUser click on search icon&amp#27;[0m                                                  &amp#27;[90m# stepdefinitions.Search_box.user_click_on_search_icon()&amp#27;[0m
  &amp#27;[32mThen &amp#27;[0m&amp#27;[32mUser should able to see contractors list&amp#27;[0m                                   &amp#27;[90m# stepdefinitions.Search_box.user_should_able_to_see_contractors_list()&amp#27;[0m
]]></system-out>
    <system-err><![CDATA[Starting ChromeDriver 99.0.4844.51 (d537ec02474b5afe23684e7963d538896c63ac77-refs/branch-heads/4844@{#875}) on port 64174
Only local connections are allowed.
Please see https://chromedriver.chromium.org/security-considerations for suggestions on keeping ChromeDriver safe.
ChromeDriver was started successfully.
Mar 14, 2022 11:22:39 AM org.openqa.selenium.remote.ProtocolHandshake createSession
INFO: Detected dialect: W3C
Mar 14, 2022 11:22:39 AM org.openqa.selenium.devtools.CdpVersionFinder findNearestMatch
WARNING: Unable to find an exact match for CDP version 99, so returning the closest version found: 96
Mar 14, 2022 11:22:39 AM org.openqa.selenium.devtools.CdpVersionFinder findNearestMatch
INFO: Found CDP implementation for version 99 of 96
]]></system-err>
  </testcase>
  <testcase name="runScenario[&quot;User should not be able to see contractos list with invalid zipcod&quot;, &quot;Optional[Search Box functionality]&quot;](7)" classname="runner.RunnerClass" time="14.536">
    <system-out><![CDATA[
@search @search
Scenario Outline: User should not be able to see contractos list with invalid zipcod &amp#27;[90m# src/test/java/featurefile/search_box.feature:24&amp#27;[0m
  &amp#27;[32mGiven &amp#27;[0m&amp#27;[32mUser navigate to contractor page&amp#27;[0m                                             &amp#27;[90m# stepdefinitions.Search_box.user_navigate_to_contractor_page()&amp#27;[0m
  &amp#27;[32mWhen &amp#27;[0m&amp#27;[32mUser enters invalid zipcode &amp#27;[0m&amp#27;[32m&amp#27;[1m"575"&amp#27;[0m                                             &amp#27;[90m# stepdefinitions.Search_box.user_enters_invalid_zipcode(java.lang.String)&amp#27;[0m
  &amp#27;[32mThen &amp#27;[0m&amp#27;[32mUser click on search icon&amp#27;[0m                                                     &amp#27;[90m# stepdefinitions.Search_box.user_click_on_search_icon()&amp#27;[0m
  &amp#27;[32mThen &amp#27;[0m&amp#27;[32mUser should get messasge &amp#27;[0m&amp#27;[32m&amp#27;[1m"Enter a valid 6 digit Zip Code"&amp#27;[0m                     &amp#27;[90m# stepdefinitions.Search_box.user_should_get_messasge(java.lang.String)&amp#27;[0m
]]></system-out>
    <system-err><![CDATA[Starting ChromeDriver 99.0.4844.51 (d537ec02474b5afe23684e7963d538896c63ac77-refs/branch-heads/4844@{#875}) on port 52108
Only local connections are allowed.
Please see https://chromedriver.chromium.org/security-considerations for suggestions on keeping ChromeDriver safe.
ChromeDriver was started successfully.
Mar 14, 2022 11:22:58 AM org.openqa.selenium.remote.ProtocolHandshake createSession
INFO: Detected dialect: W3C
Mar 14, 2022 11:22:58 AM org.openqa.selenium.devtools.CdpVersionFinder findNearestMatch
WARNING: Unable to find an exact match for CDP version 99, so returning the closest version found: 96
Mar 14, 2022 11:22:58 AM org.openqa.selenium.devtools.CdpVersionFinder findNearestMatch
INFO: Found CDP implementation for version 99 of 96
]]></system-err>
  </testcase>
  <testcase name="runScenario[&quot;User should be able to search contractos list with valid city name&quot;, &quot;Optional[Search Box functionality]&quot;](8)" classname="runner.RunnerClass" time="30.123">
    <system-out><![CDATA[
@search @search
Scenario Outline: User should be able to search contractos list with valid city name &amp#27;[90m# src/test/java/featurefile/search_box.feature:34&amp#27;[0m
  &amp#27;[32mGiven &amp#27;[0m&amp#27;[32mUser navigate to contractor page&amp#27;[0m                                             &amp#27;[90m# stepdefinitions.Search_box.user_navigate_to_contractor_page()&amp#27;[0m
  &amp#27;[32mWhen &amp#27;[0m&amp#27;[32mUser enters valid city name &amp#27;[0m&amp#27;[32m&amp#27;[1m"Hyderabad"&amp#27;[0m                                       &amp#27;[90m# stepdefinitions.Search_box.user_enters_valid_city_name(java.lang.String)&amp#27;[0m
  &amp#27;[32mThen &amp#27;[0m&amp#27;[32mUser can select city from dropdownlist&amp#27;[0m                                        &amp#27;[90m# stepdefinitions.Search_box.user_can_select_city_from_dropdownlist()&amp#27;[0m
  &amp#27;[32mThen &amp#27;[0m&amp#27;[32mUser click on the ssearch icon&amp#27;[0m                                                &amp#27;[90m# stepdefinitions.Search_box.user_click_on_the_search_icon()&amp#27;[0m
  &amp#27;[32mThen &amp#27;[0m&amp#27;[32mUser should able to see the &amp#27;[0m&amp#27;[32m&amp#27;[1m"Asian Paints Trained Contractors"&amp#27;[0m                &amp#27;[90m# stepdefinitions.Search_box.user_should_able_to_see_the(java.lang.String)&amp#27;[0m
]]></system-out>
    <system-err><![CDATA[Starting ChromeDriver 99.0.4844.51 (d537ec02474b5afe23684e7963d538896c63ac77-refs/branch-heads/4844@{#875}) on port 65413
Only local connections are allowed.
Please see https://chromedriver.chromium.org/security-considerations for suggestions on keeping ChromeDriver safe.
ChromeDriver was started successfully.
Mar 14, 2022 11:23:13 AM org.openqa.selenium.remote.ProtocolHandshake createSession
INFO: Detected dialect: W3C
Mar 14, 2022 11:23:13 AM org.openqa.selenium.devtools.CdpVersionFinder findNearestMatch
WARNING: Unable to find an exact match for CDP version 99, so returning the closest version found: 96
Mar 14, 2022 11:23:13 AM org.openqa.selenium.devtools.CdpVersionFinder findNearestMatch
INFO: Found CDP implementation for version 99 of 96
]]></system-err>
  </testcase>
  <testcase name="runScenario[&quot;User should not be able to see contractos list with invalid city name&quot;, &quot;Optional[Search Box functionality]&quot;](9)" classname="runner.RunnerClass" time="12.935">
    <failure message="stale element reference: element is not attached to the page document&#10;  (Session info: chrome=99.0.4844.51)&#10;For documentation on this error, please visit: https://selenium.dev/exceptions/#stale_element_reference&#10;Build info: version: &apos;4.1.1&apos;, revision: &apos;e8fcc2cecf&apos;&#10;System info: host: &apos;LAPTOP-OFMRSGL7&apos;, ip: &apos;192.168.43.58&apos;, os.name: &apos;Windows 10&apos;, os.arch: &apos;amd64&apos;, os.version: &apos;10.0&apos;, java.version: &apos;11.0.13&apos;&#10;Driver info: org.openqa.selenium.chrome.ChromeDriver&#10;Command: [6e72029e153dcd38feb7442d39358a73, clickElement {id=1b1d0bb3-326e-4b8f-8c10-9af36ae9d72d}]&#10;Capabilities {acceptInsecureCerts: false, browserName: chrome, browserVersion: 99.0.4844.51, chrome: {chromedriverVersion: 99.0.4844.51 (d537ec02474b5..., userDataDir: C:\Users\saleem\AppData\Loc...}, goog:chromeOptions: {debuggerAddress: localhost:63209}, javascriptEnabled: true, networkConnectionEnabled: false, pageLoadStrategy: normal, platform: WINDOWS, platformName: WINDOWS, proxy: Proxy(), se:cdp: ws://localhost:63209/devtoo..., se:cdpVersion: 99.0.4844.51, setWindowRect: true, strictFileInteractability: false, timeouts: {implicit: 0, pageLoad: 300000, script: 30000}, unhandledPromptBehavior: dismiss and notify, webauthn:extension:credBlob: true, webauthn:extension:largeBlob: true, webauthn:virtualAuthenticators: true}&#10;Element: [[ChromeDriver: chrome on WINDOWS (6e72029e153dcd38feb7442d39358a73)] -&gt; id: js-locationIcon]&#10;Session ID: 6e72029e153dcd38feb7442d39358a73" type="org.openqa.selenium.StaleElementReferenceException"><![CDATA[org.openqa.selenium.StaleElementReferenceException: 
stale element reference: element is not attached to the page document
  (Session info: chrome=99.0.4844.51)
For documentation on this error, please visit: https://selenium.dev/exceptions/#stale_element_reference
Build info: version: '4.1.1', revision: 'e8fcc2cecf'
System info: host: 'LAPTOP-OFMRSGL7', ip: '192.168.43.58', os.name: 'Windows 10', os.arch: 'amd64', os.version: '10.0', java.version: '11.0.13'
Driver info: org.openqa.selenium.chrome.ChromeDriver
Command: [6e72029e153dcd38feb7442d39358a73, clickElement {id=1b1d0bb3-326e-4b8f-8c10-9af36ae9d72d}]
Capabilities {acceptInsecureCerts: false, browserName: chrome, browserVersion: 99.0.4844.51, chrome: {chromedriverVersion: 99.0.4844.51 (d537ec02474b5..., userDataDir: C:\Users\saleem\AppData\Loc...}, goog:chromeOptions: {debuggerAddress: localhost:63209}, javascriptEnabled: true, networkConnectionEnabled: false, pageLoadStrategy: normal, platform: WINDOWS, platformName: WINDOWS, proxy: Proxy(), se:cdp: ws://localhost:63209/devtoo..., se:cdpVersion: 99.0.4844.51, setWindowRect: true, strictFileInteractability: false, timeouts: {implicit: 0, pageLoad: 300000, script: 30000}, unhandledPromptBehavior: dismiss and notify, webauthn:extension:credBlob: true, webauthn:extension:largeBlob: true, webauthn:virtualAuthenticators: true}
Element: [[ChromeDriver: chrome on WINDOWS (6e72029e153dcd38feb7442d39358a73)] -> id: js-locationIcon]
Session ID: 6e72029e153dcd38feb7442d39358a73
]]></failure>
    <system-out><![CDATA[
@search @search
Scenario Outline: User should not be able to see contractos list with invalid city name &amp#27;[90m# src/test/java/featurefile/search_box.feature:43&amp#27;[0m
  &amp#27;[32mGiven &amp#27;[0m&amp#27;[32mUser navigate to contractor page&amp#27;[0m                                                &amp#27;[90m# stepdefinitions.Search_box.user_navigate_to_contractor_page()&amp#27;[0m
  &amp#27;[32mWhen &amp#27;[0m&amp#27;[32mUser enters invalid city name &amp#27;[0m&amp#27;[32m&amp#27;[1m"incorrectcity"&amp#27;[0m                                    &amp#27;[90m# stepdefinitions.Search_box.user_enters_invalid_city_name(java.lang.String)&amp#27;[0m
  &amp#27;[31mThen &amp#27;[0m&amp#27;[31mUser click on search button&amp#27;[0m                                                      &amp#27;[90m# stepdefinitions.Search_box.user_click_on_search_button()&amp#27;[0m
      &amp#27;[31morg.openqa.selenium.StaleElementReferenceException: stale element reference: element is not attached to the page document
  (Session info: chrome=99.0.4844.51)
For documentation on this error, please visit: https://selenium.dev/exceptions/#stale_element_reference
Build info: version: '4.1.1', revision: 'e8fcc2cecf'
System info: host: 'LAPTOP-OFMRSGL7', ip: '192.168.43.58', os.name: 'Windows 10', os.arch: 'amd64', os.version: '10.0', java.version: '11.0.13'
Driver info: org.openqa.selenium.chrome.ChromeDriver
Command: [6e72029e153dcd38feb7442d39358a73, clickElement {id=1b1d0bb3-326e-4b8f-8c10-9af36ae9d72d}]
Capabilities {acceptInsecureCerts: false, browserName: chrome, browserVersion: 99.0.4844.51, chrome: {chromedriverVersion: 99.0.4844.51 (d537ec02474b5..., userDataDir: C:\Users\saleem\AppData\Loc...}, goog:chromeOptions: {debuggerAddress: localhost:63209}, javascriptEnabled: true, networkConnectionEnabled: false, pageLoadStrategy: normal, platform: WINDOWS, platformName: WINDOWS, proxy: Proxy(), se:cdp: ws://localhost:63209/devtoo..., se:cdpVersion: 99.0.4844.51, setWindowRect: true, strictFileInteractability: false, timeouts: {implicit: 0, pageLoad: 300000, script: 30000}, unhandledPromptBehavior: dismiss and notify, webauthn:extension:credBlob: true, webauthn:extension:largeBlob: true, webauthn:virtualAuthenticators: true}
Element: [[ChromeDriver: chrome on WINDOWS (6e72029e153dcd38feb7442d39358a73)] -> id: js-locationIcon]
Session ID: 6e72029e153dcd38feb7442d39358a73
	at java.base/jdk.internal.reflect.NativeConstructorAccessorImpl.newInstance0(Native Method)
	at java.base/jdk.internal.reflect.NativeConstructorAccessorImpl.newInstance(NativeConstructorAccessorImpl.java:62)
	at java.base/jdk.internal.reflect.DelegatingConstructorAccessorImpl.newInstance(DelegatingConstructorAccessorImpl.java:45)
	at java.base/java.lang.reflect.Constructor.newInstance(Constructor.java:490)
	at org.openqa.selenium.remote.codec.w3c.W3CHttpResponseCodec.createException(W3CHttpResponseCodec.java:200)
	at org.openqa.selenium.remote.codec.w3c.W3CHttpResponseCodec.decode(W3CHttpResponseCodec.java:133)
	at org.openqa.selenium.remote.codec.w3c.W3CHttpResponseCodec.decode(W3CHttpResponseCodec.java:53)
	at org.openqa.selenium.remote.HttpCommandExecutor.execute(HttpCommandExecutor.java:184)
	at org.openqa.selenium.remote.service.DriverCommandExecutor.invokeExecute(DriverCommandExecutor.java:167)
	at org.openqa.selenium.remote.service.DriverCommandExecutor.execute(DriverCommandExecutor.java:142)
	at org.openqa.selenium.remote.RemoteWebDriver.execute(RemoteWebDriver.java:543)
	at org.openqa.selenium.remote.RemoteWebElement.execute(RemoteWebElement.java:251)
	at org.openqa.selenium.remote.RemoteWebElement.click(RemoteWebElement.java:77)
	at jdk.internal.reflect.GeneratedMethodAccessor2.invoke(Unknown Source)
	at java.base/jdk.internal.reflect.DelegatingMethodAccessorImpl.invoke(DelegatingMethodAccessorImpl.java:43)
	at java.base/java.lang.reflect.Method.invoke(Method.java:566)
	at org.openqa.selenium.support.pagefactory.internal.LocatingElementHandler.invoke(LocatingElementHandler.java:52)
	at com.sun.proxy.$Proxy26.click(Unknown Source)
	at pageobjects.ContractorPage.ClickOnLocationbutton(ContractorPage.java:68)
	at stepdefinitions.Search_box.user_click_on_search_button(Search_box.java:132)
	at âœ½.User click on search button(file:///C:/Users/saleem/eclipse-workspace/FindaContractor/src/test/java/featurefile/search_box.feature:38)
&amp#27;[0m
  &amp#27;[36mThen &amp#27;[0m&amp#27;[36mUser should get the message &amp#27;[0m&amp#27;[36m&amp#27;[1m"Select City from Suggestion List"&amp#27;[0m                   &amp#27;[90m# stepdefinitions.Search_box.user_should_the_get_message(java.lang.String)&amp#27;[0m

    Embedding User_should_not_be_able_to_see_contractos_list_with_invalid_city_name [image/png 932055 bytes]

]]></system-out>
    <system-err><![CDATA[Starting ChromeDriver 99.0.4844.51 (d537ec02474b5afe23684e7963d538896c63ac77-refs/branch-heads/4844@{#875}) on port 57102
Only local connections are allowed.
Please see https://chromedriver.chromium.org/security-considerations for suggestions on keeping ChromeDriver safe.
ChromeDriver was started successfully.
Mar 14, 2022 11:23:43 AM org.openqa.selenium.remote.ProtocolHandshake createSession
INFO: Detected dialect: W3C
Mar 14, 2022 11:23:43 AM org.openqa.selenium.devtools.CdpVersionFinder findNearestMatch
WARNING: Unable to find an exact match for CDP version 99, so returning the closest version found: 96
Mar 14, 2022 11:23:43 AM org.openqa.selenium.devtools.CdpVersionFinder findNearestMatch
INFO: Found CDP implementation for version 99 of 96
]]></system-err>
  </testcase>
</testsuite>