<?xml version="1.0" encoding="UTF-8"?>
<testng-results ignored="0" total="9" passed="9" failed="0" skipped="0">
  <reporter-output>
  </reporter-output>
  <suite started-at="2022-03-14T09:42:52 IST" name="Suite" finished-at="2022-03-14T09:46:32 IST" duration-ms="219896">
    <groups>
      <group name="cucumber">
        <method signature="AbstractTestNGCucumberTests.runScenario(io.cucumber.testng.PickleWrapper,io.cucumber.testng.FeatureWrapper)[pri:0, instance:runner.RunnerClass@1cf6d1be]" name="runScenario" class="io.cucumber.testng.AbstractTestNGCucumberTests"/>
      </group> <!-- cucumber -->
    </groups>
    <test started-at="2022-03-14T09:42:52 IST" name="Test" finished-at="2022-03-14T09:46:32 IST" duration-ms="219896">
      <class name="runner.RunnerClass">
        <test-method is-config="true" signature="setUpClass(org.testng.ITestContext)[pri:0, instance:runner.RunnerClass@1cf6d1be]" started-at="2022-03-14T09:42:52 IST" name="setUpClass" finished-at="2022-03-14T09:42:53 IST" duration-ms="1315" status="PASS">
          <params>
            <param index="0">
              <value>
                <![CDATA[org.testng.TestRunner@5b827796]]>
              </value>
            </param>
          </params>
          <reporter-output>
          </reporter-output>
        </test-method> <!-- setUpClass -->
        <test-method signature="runScenario(io.cucumber.testng.PickleWrapper,io.cucumber.testng.FeatureWrapper)[pri:0, instance:runner.RunnerClass@1cf6d1be]" started-at="2022-03-14T09:42:53 IST" name="runScenario" description="Runs Cucumber Scenarios" data-provider="scenarios" finished-at="2022-03-14T09:43:28 IST" duration-ms="34864" status="PASS">
          <params>
            <param index="0">
              <value>
                <![CDATA["User should able to select radio buttons in CATEGORY"]]>
              </value>
            </param>
            <param index="1">
              <value>
                <![CDATA["Optional[Features of Contractor page should work properly]"]]>
              </value>
            </param>
          </params>
          <reporter-output>
          </reporter-output>
        </test-method> <!-- runScenario -->
        <test-method signature="runScenario(io.cucumber.testng.PickleWrapper,io.cucumber.testng.FeatureWrapper)[pri:0, instance:runner.RunnerClass@1cf6d1be]" started-at="2022-03-14T09:43:28 IST" name="runScenario" description="Runs Cucumber Scenarios" data-provider="scenarios" finished-at="2022-03-14T09:43:48 IST" duration-ms="19696" status="PASS">
          <params>
            <param index="0">
              <value>
                <![CDATA["User should able to select radio buttons in RATING AND REVIEW"]]>
              </value>
            </param>
            <param index="1">
              <value>
                <![CDATA["Optional[Features of Contractor page should work properly]"]]>
              </value>
            </param>
          </params>
          <reporter-output>
          </reporter-output>
        </test-method> <!-- runScenario -->
        <test-method signature="runScenario(io.cucumber.testng.PickleWrapper,io.cucumber.testng.FeatureWrapper)[pri:0, instance:runner.RunnerClass@1cf6d1be]" started-at="2022-03-14T09:43:48 IST" name="runScenario" description="Runs Cucumber Scenarios" data-provider="scenarios" finished-at="2022-03-14T09:44:15 IST" duration-ms="27479" status="PASS">
          <params>
            <param index="0">
              <value>
                <![CDATA["User should able to click on call back button"]]>
              </value>
            </param>
            <param index="1">
              <value>
                <![CDATA["Optional[Features of Contractor page should work properly]"]]>
              </value>
            </param>
          </params>
          <reporter-output>
          </reporter-output>
        </test-method> <!-- runScenario -->
        <test-method signature="runScenario(io.cucumber.testng.PickleWrapper,io.cucumber.testng.FeatureWrapper)[pri:0, instance:runner.RunnerClass@1cf6d1be]" started-at="2022-03-14T09:44:15 IST" name="runScenario" description="Runs Cucumber Scenarios" data-provider="scenarios" finished-at="2022-03-14T09:44:43 IST" duration-ms="28226" status="PASS">
          <params>
            <param index="0">
              <value>
                <![CDATA["User can enter valid mobile number to take call backs successfully"]]>
              </value>
            </param>
            <param index="1">
              <value>
                <![CDATA["Optional[Features of Contractor page should work properly]"]]>
              </value>
            </param>
          </params>
          <reporter-output>
          </reporter-output>
        </test-method> <!-- runScenario -->
        <test-method signature="runScenario(io.cucumber.testng.PickleWrapper,io.cucumber.testng.FeatureWrapper)[pri:0, instance:runner.RunnerClass@1cf6d1be]" started-at="2022-03-14T09:44:43 IST" name="runScenario" description="Runs Cucumber Scenarios" data-provider="scenarios" finished-at="2022-03-14T09:45:16 IST" duration-ms="32993" status="PASS">
          <params>
            <param index="0">
              <value>
                <![CDATA["User can enter invalid mobile number but he/she should not take call backs"]]>
              </value>
            </param>
            <param index="1">
              <value>
                <![CDATA["Optional[Features of Contractor page should work properly]"]]>
              </value>
            </param>
          </params>
          <reporter-output>
          </reporter-output>
        </test-method> <!-- runScenario -->
        <test-method signature="runScenario(io.cucumber.testng.PickleWrapper,io.cucumber.testng.FeatureWrapper)[pri:0, instance:runner.RunnerClass@1cf6d1be]" started-at="2022-03-14T09:45:16 IST" name="runScenario" description="Runs Cucumber Scenarios" data-provider="scenarios" finished-at="2022-03-14T09:45:30 IST" duration-ms="13615" status="PASS">
          <params>
            <param index="0">
              <value>
                <![CDATA["User should be able to search contractos list with valid zipcod"]]>
              </value>
            </param>
            <param index="1">
              <value>
                <![CDATA["Optional[Search Box functionality]"]]>
              </value>
            </param>
          </params>
          <reporter-output>
          </reporter-output>
        </test-method> <!-- runScenario -->
        <test-method signature="runScenario(io.cucumber.testng.PickleWrapper,io.cucumber.testng.FeatureWrapper)[pri:0, instance:runner.RunnerClass@1cf6d1be]" started-at="2022-03-14T09:45:30 IST" name="runScenario" description="Runs Cucumber Scenarios" data-provider="scenarios" finished-at="2022-03-14T09:45:46 IST" duration-ms="15923" status="PASS">
          <params>
            <param index="0">
              <value>
                <![CDATA["User should not be able to see contractos list with invalid zipcod"]]>
              </value>
            </param>
            <param index="1">
              <value>
                <![CDATA["Optional[Search Box functionality]"]]>
              </value>
            </param>
          </params>
          <reporter-output>
          </reporter-output>
        </test-method> <!-- runScenario -->
        <test-method signature="runScenario(io.cucumber.testng.PickleWrapper,io.cucumber.testng.FeatureWrapper)[pri:0, instance:runner.RunnerClass@1cf6d1be]" started-at="2022-03-14T09:45:46 IST" name="runScenario" description="Runs Cucumber Scenarios" data-provider="scenarios" finished-at="2022-03-14T09:46:16 IST" duration-ms="30531" status="PASS">
          <params>
            <param index="0">
              <value>
                <![CDATA["User should be able to search contractos list with valid city name"]]>
              </value>
            </param>
            <param index="1">
              <value>
                <![CDATA["Optional[Search Box functionality]"]]>
              </value>
            </param>
          </params>
          <reporter-output>
          </reporter-output>
        </test-method> <!-- runScenario -->
        <test-method signature="runScenario(io.cucumber.testng.PickleWrapper,io.cucumber.testng.FeatureWrapper)[pri:0, instance:runner.RunnerClass@1cf6d1be]" started-at="2022-03-14T09:46:16 IST" name="runScenario" description="Runs Cucumber Scenarios" data-provider="scenarios" finished-at="2022-03-14T09:46:29 IST" duration-ms="12263" status="PASS">
          <params>
            <param index="0">
              <value>
                <![CDATA["User should not be able to see contractos list with invalid city name"]]>
              </value>
            </param>
            <param index="1">
              <value>
                <![CDATA["Optional[Search Box functionality]"]]>
              </value>
            </param>
          </params>
          <reporter-output>
          </reporter-output>
        </test-method> <!-- runScenario -->
        <test-method is-config="true" signature="tearDownClass()[pri:0, instance:runner.RunnerClass@1cf6d1be]" started-at="2022-03-14T09:46:29 IST" name="tearDownClass" finished-at="2022-03-14T09:46:32 IST" duration-ms="2927" status="PASS">
          <reporter-output>
          </reporter-output>
        </test-method> <!-- tearDownClass -->
      </class> <!-- runner.RunnerClass -->
    </test> <!-- Test -->
  </suite> <!-- Suite -->
</testng-results>
